#
# There is insufficient memory for the Java Runtime Environment to continue.
# Native memory allocation (malloc) failed to allocate 32744 bytes for ChunkPool::allocate
# Possible reasons:
#   The system is out of physical RAM or swap space
#   The process is running with CompressedOops enabled, and the Java Heap may be blocking the growth of the native heap
# Possible solutions:
#   Reduce memory load on the system
#   Increase physical memory or swap space
#   Check if swap backing store is full
#   Decrease Java heap size (-Xmx/-Xms)
#   Decrease number of Java threads
#   Decrease Java thread stack sizes (-Xss)
#   Set larger code cache with -XX:ReservedCodeCacheSize=
#   JVM is running with Unscaled Compressed Oops mode in which the Java heap is
#     placed in the first 4GB address space. The Java Heap base address is the
#     maximum limit for the native heap growth. Please use -XX:HeapBaseMinAddress
#     to set the Java Heap base and to place the Java Heap above 4GB virtual address.
# This output file may be truncated or incomplete.
#
#  Out of Memory Error (t:/workspace/open/src/hotspot/share/memory/arena.cpp:81), pid=24048, tid=28632
#
# JRE version: Java(TM) SE Runtime Environment (11.0.6+8) (build 11.0.6+8-LTS)
# Java VM: Java HotSpot(TM) 64-Bit Server VM (11.0.6+8-LTS, mixed mode, tiered, compressed oops, g1 gc, windows-amd64)
# No core dump will be written. Minidumps are not enabled by default on client versions of Windows
#

---------------  S U M M A R Y ------------

Command Line: -Dfile.encoding=UTF-8 App.WeatherInCityApplication

Host: Intel(R) Core(TM) i5-8265U CPU @ 1.60GHz, 8 cores, 7G,  Windows 10 , 64 bit Build 18362 (10.0.18362.900)
Time: Fri Jul 10 09:14:03 2020 India Standard Time elapsed time: 43564 seconds (0d 12h 6m 4s)

---------------  T H R E A D  ---------------

Current thread (0x0000029abae1c000):  JavaThread "C1 CompilerThread0" daemon [_thread_in_native, id=28632, stack(0x000000dabf900000,0x000000dabfa00000)]


Current CompileTask:
C1:43564882 5709   !   3       java.util.concurrent.FutureTask::run (123 bytes)

Stack: [0x000000dabf900000,0x000000dabfa00000]
Native frames: (J=compiled Java code, j=interpreted, Vv=VM code, C=native code)
V  [jvm.dll+0x63679a]
V  [jvm.dll+0x7755bf]
V  [jvm.dll+0x776c65]
V  [jvm.dll+0x7772d3]
V  [jvm.dll+0x25e7f8]
V  [jvm.dll+0xc1e3b]
V  [jvm.dll+0xc219c]
V  [jvm.dll+0x146493]
V  [jvm.dll+0x145207]
V  [jvm.dll+0x12bc2a]
V  [jvm.dll+0x12bed2]
V  [jvm.dll+0x12c1ff]
V  [jvm.dll+0x12b377]
V  [jvm.dll+0x12d417]
V  [jvm.dll+0x226544]
V  [jvm.dll+0x224b28]
V  [jvm.dll+0x73a9c5]
V  [jvm.dll+0x733905]
V  [jvm.dll+0x635846]
C  [ucrtbase.dll+0x20e82]
C  [KERNEL32.DLL+0x17bd4]
C  [ntdll.dll+0x6ce51]


---------------  P R O C E S S  ---------------

Threads class SMR info:
_java_thread_list=0x0000029ac07f37b0, length=30, elements={
0x0000029abadb2800, 0x0000029abadbb000, 0x0000029abae0b800, 0x0000029abae0c800,
0x0000029abae0d800, 0x0000029abae1c000, 0x0000029abae22000, 0x0000029abaf8b800,
0x0000029abaf9b800, 0x0000029abf01e000, 0x0000029abf01d000, 0x0000029abf01f800,
0x0000029abf01f000, 0x0000029abf01a800, 0x0000029abf01a000, 0x0000029abf020800,
0x0000029abe027000, 0x0000029abe024800, 0x0000029abe025000, 0x0000029abe028800,
0x0000029abe023800, 0x0000029abe02b000, 0x0000029abe02b800, 0x0000029abe026000,
0x0000029abe02c800, 0x0000029abe027800, 0x0000029abe02d800, 0x0000029abe02f000,
0x0000029abe02e000, 0x0000029abe029800
}

Java Threads: ( => current thread )
  0x0000029abadb2800 JavaThread "Reference Handler" daemon [_thread_blocked, id=65160, stack(0x000000dabf400000,0x000000dabf500000)]
  0x0000029abadbb000 JavaThread "Finalizer" daemon [_thread_blocked, id=26680, stack(0x000000dabf500000,0x000000dabf600000)]
  0x0000029abae0b800 JavaThread "Signal Dispatcher" daemon [_thread_blocked, id=27508, stack(0x000000dabf600000,0x000000dabf700000)]
  0x0000029abae0c800 JavaThread "Attach Listener" daemon [_thread_blocked, id=65164, stack(0x000000dabf700000,0x000000dabf800000)]
  0x0000029abae0d800 JavaThread "C2 CompilerThread0" daemon [_thread_blocked, id=58884, stack(0x000000dabf800000,0x000000dabf900000)]
=>0x0000029abae1c000 JavaThread "C1 CompilerThread0" daemon [_thread_in_native, id=28632, stack(0x000000dabf900000,0x000000dabfa00000)]
  0x0000029abae22000 JavaThread "Sweeper thread" daemon [_thread_blocked, id=8184, stack(0x000000dabfa00000,0x000000dabfb00000)]
  0x0000029abaf8b800 JavaThread "Service Thread" daemon [_thread_blocked, id=25100, stack(0x000000dabfb00000,0x000000dabfc00000)]
  0x0000029abaf9b800 JavaThread "Common-Cleaner" daemon [_thread_blocked, id=57016, stack(0x000000dabfd00000,0x000000dabfe00000)]
  0x0000029abf01e000 JavaThread "Catalina-utility-1" [_thread_blocked, id=33012, stack(0x000000dac0400000,0x000000dac0500000)]
  0x0000029abf01d000 JavaThread "Catalina-utility-2" [_thread_blocked, id=40364, stack(0x000000dac0500000,0x000000dac0600000)]
  0x0000029abf01f800 JavaThread "container-0" [_thread_blocked, id=66136, stack(0x000000dac0600000,0x000000dac0700000)]
  0x0000029abf01f000 JavaThread "Timer-0" daemon [_thread_blocked, id=61224, stack(0x000000dac0b00000,0x000000dac0c00000)]
  0x0000029abf01a800 JavaThread "oracle.jdbc.driver.BlockSource.ThreadedCachingBlockSource.BlockReleaser" daemon [_thread_blocked, id=23896, stack(0x000000dac0c00000,0x000000dac0d00000)]
  0x0000029abf01a000 JavaThread "InterruptTimer" daemon [_thread_blocked, id=23868, stack(0x000000dac0d00000,0x000000dac0e00000)]
  0x0000029abf020800 JavaThread "HikariPool-1 housekeeper" daemon [_thread_in_vm, id=12732, stack(0x000000dabfe00000,0x000000dabff00000)]
  0x0000029abe027000 JavaThread "http-nio-8080-BlockPoller" daemon [_thread_in_native, id=35276, stack(0x000000dac1200000,0x000000dac1300000)]
  0x0000029abe024800 JavaThread "http-nio-8080-exec-1" daemon [_thread_blocked, id=66672, stack(0x000000dac1300000,0x000000dac1400000)]
  0x0000029abe025000 JavaThread "http-nio-8080-exec-2" daemon [_thread_blocked, id=39700, stack(0x000000dac1400000,0x000000dac1500000)]
  0x0000029abe028800 JavaThread "http-nio-8080-exec-3" daemon [_thread_blocked, id=23416, stack(0x000000dac1500000,0x000000dac1600000)]
  0x0000029abe023800 JavaThread "http-nio-8080-exec-4" daemon [_thread_blocked, id=33588, stack(0x000000dac1600000,0x000000dac1700000)]
  0x0000029abe02b000 JavaThread "http-nio-8080-exec-5" daemon [_thread_blocked, id=46712, stack(0x000000dac1700000,0x000000dac1800000)]
  0x0000029abe02b800 JavaThread "http-nio-8080-exec-6" daemon [_thread_blocked, id=66024, stack(0x000000dac1800000,0x000000dac1900000)]
  0x0000029abe026000 JavaThread "http-nio-8080-exec-7" daemon [_thread_blocked, id=260, stack(0x000000dac1900000,0x000000dac1a00000)]
  0x0000029abe02c800 JavaThread "http-nio-8080-exec-8" daemon [_thread_blocked, id=33756, stack(0x000000dac1a00000,0x000000dac1b00000)]
  0x0000029abe027800 JavaThread "http-nio-8080-exec-9" daemon [_thread_blocked, id=12236, stack(0x000000dac1b00000,0x000000dac1c00000)]
  0x0000029abe02d800 JavaThread "http-nio-8080-exec-10" daemon [_thread_blocked, id=27448, stack(0x000000dac1c00000,0x000000dac1d00000)]
  0x0000029abe02f000 JavaThread "http-nio-8080-ClientPoller" daemon [_thread_in_native, id=40688, stack(0x000000dac1d00000,0x000000dac1e00000)]
  0x0000029abe02e000 JavaThread "http-nio-8080-Acceptor" daemon [_thread_in_native, id=40572, stack(0x000000dac1e00000,0x000000dac1f00000)]
  0x0000029abe029800 JavaThread "DestroyJavaVM" [_thread_blocked, id=48288, stack(0x000000dabed00000,0x000000dabee00000)]

Other Threads:
  0x0000029abad89800 VMThread "VM Thread" [stack: 0x000000dabf300000,0x000000dabf400000] [id=31868]
  0x0000029abaf9d000 WatcherThread [stack: 0x000000dabfc00000,0x000000dabfd00000] [id=41248]
  0x0000029a9b9dd800 GCTaskThread "GC Thread#0" [stack: 0x000000dabee00000,0x000000dabef00000] [id=61848]
  0x0000029abbf3b800 GCTaskThread "GC Thread#1" [stack: 0x000000dac0000000,0x000000dac0100000] [id=56168]
  0x0000029abbefb800 GCTaskThread "GC Thread#2" [stack: 0x000000dac0100000,0x000000dac0200000] [id=56432]
  0x0000029abb859800 GCTaskThread "GC Thread#3" [stack: 0x000000dac0200000,0x000000dac0300000] [id=39052]
  0x0000029abe222800 GCTaskThread "GC Thread#4" [stack: 0x000000dac0700000,0x000000dac0800000] [id=63140]
  0x0000029abf4f9000 GCTaskThread "GC Thread#5" [stack: 0x000000dac0800000,0x000000dac0900000] [id=8340]
  0x0000029abf599800 GCTaskThread "GC Thread#6" [stack: 0x000000dac0900000,0x000000dac0a00000] [id=30240]
  0x0000029abf739000 GCTaskThread "GC Thread#7" [stack: 0x000000dac0a00000,0x000000dac0b00000] [id=20464]
  0x0000029a9ba0f800 ConcurrentGCThread "G1 Main Marker" [stack: 0x000000dabef00000,0x000000dabf000000] [id=15532]
  0x0000029a9ba12000 ConcurrentGCThread "G1 Conc#0" [stack: 0x000000dabf000000,0x000000dabf100000] [id=46340]
  0x0000029abbd13000 ConcurrentGCThread "G1 Conc#1" [stack: 0x000000dabff00000,0x000000dac0000000] [id=39568]
  0x0000029aba3f3000 ConcurrentGCThread "G1 Refine#0" [stack: 0x000000dabf100000,0x000000dabf200000] [id=61236]
  0x0000029aba3f6000 ConcurrentGCThread "G1 Young RemSet Sampling" [stack: 0x000000dabf200000,0x000000dabf300000] [id=28344]

Threads with active compile tasks:
C1 CompilerThread05709   !   3       java.util.concurrent.FutureTask::run (123 bytes)

VM state:not at safepoint (normal execution)

VM Mutex/Monitor currently owned by a thread: None

OutOfMemory and StackOverflow Exception counts:
OutOfMemoryError java_heap_errors=10
LinkageErrors=67

Heap address: 0x0000000082600000, size: 2010 MB, Compressed Oops mode: 32-bit
Narrow klass base: 0x0000000000000000, Narrow klass shift: 3
Compressed class space size: 1073741824 Address: 0x0000000100000000

Heap:
 garbage-first heap   total 155648K, used 80100K [0x0000000082600000, 0x0000000100000000)
  region size 1024K, 68 young (69632K), 9 survivors (9216K)
 Metaspace       used 61824K, capacity 63116K, committed 63232K, reserved 1103872K
  class space    used 7569K, capacity 8084K, committed 8192K, reserved 1048576K
Heap Regions: E=young(eden), S=young(survivor), O=old, HS=humongous(starts), HC=humongous(continues), CS=collection set, F=free, A=archive, TAMS=top-at-mark-start (previous, next)
|   0|0x0000000082600000, 0x0000000082700000, 0x0000000082700000|100%|HS|  |TAMS 0x0000000082700000, 0x0000000082600000| Complete 
|   1|0x0000000082700000, 0x0000000082800000, 0x0000000082800000|100%| O|  |TAMS 0x0000000082800000, 0x0000000082700000| Untracked 
|   2|0x0000000082800000, 0x0000000082900000, 0x0000000082900000|100%| O|  |TAMS 0x0000000082900000, 0x0000000082800000| Untracked 
|   3|0x0000000082900000, 0x0000000082a00000, 0x0000000082a00000|100%| O|  |TAMS 0x0000000082a00000, 0x0000000082900000| Untracked 
|   4|0x0000000082a00000, 0x0000000082b00000, 0x0000000082b00000|100%| O|  |TAMS 0x0000000082b00000, 0x0000000082a00000| Untracked 
|   5|0x0000000082b00000, 0x0000000082c00000, 0x0000000082c00000|100%| O|  |TAMS 0x0000000082c00000, 0x0000000082b00000| Untracked 
|   6|0x0000000082c00000, 0x0000000082d00000, 0x0000000082d00000|100%| O|  |TAMS 0x0000000082d00000, 0x0000000082c00000| Untracked 
|   7|0x0000000082d00000, 0x0000000082e00000, 0x0000000082e00000|100%| O|  |TAMS 0x0000000082e00000, 0x0000000082d00000| Untracked 
|   8|0x0000000082e00000, 0x0000000082f00000, 0x0000000082f00000|100%| O|  |TAMS 0x0000000082f00000, 0x0000000082e00000| Untracked 
|   9|0x0000000082f00000, 0x0000000083000000, 0x0000000083000000|100%| O|  |TAMS 0x0000000083000000, 0x0000000082f00000| Untracked 
|  10|0x0000000083000000, 0x0000000083100000, 0x0000000083100000|100%| O|  |TAMS 0x0000000083100000, 0x0000000083000000| Untracked 
|  11|0x0000000083100000, 0x0000000083200000, 0x0000000083200000|100%| O|  |TAMS 0x0000000083200000, 0x0000000083100000| Untracked 
|  12|0x0000000083200000, 0x000000008324b600, 0x0000000083300000| 29%| O|  |TAMS 0x000000008324b600, 0x0000000083200000| Untracked 
|  13|0x0000000083300000, 0x0000000083300000, 0x0000000083400000|  0%| F|  |TAMS 0x0000000083300000, 0x0000000083300000| Untracked 
|  14|0x0000000083400000, 0x0000000083400000, 0x0000000083500000|  0%| F|  |TAMS 0x0000000083400000, 0x0000000083400000| Untracked 
|  15|0x0000000083500000, 0x0000000083500000, 0x0000000083600000|  0%| F|  |TAMS 0x0000000083500000, 0x0000000083500000| Untracked 
|  16|0x0000000083600000, 0x0000000083600000, 0x0000000083700000|  0%| F|  |TAMS 0x0000000083600000, 0x0000000083600000| Untracked 
|  17|0x0000000083700000, 0x0000000083700000, 0x0000000083800000|  0%| F|  |TAMS 0x0000000083700000, 0x0000000083700000| Untracked 
|  18|0x0000000083800000, 0x0000000083800000, 0x0000000083900000|  0%| F|  |TAMS 0x0000000083800000, 0x0000000083800000| Untracked 
|  19|0x0000000083900000, 0x0000000083900000, 0x0000000083a00000|  0%| F|  |TAMS 0x0000000083900000, 0x0000000083900000| Untracked 
|  20|0x0000000083a00000, 0x0000000083a00000, 0x0000000083b00000|  0%| F|  |TAMS 0x0000000083a00000, 0x0000000083a00000| Untracked 
|  21|0x0000000083b00000, 0x0000000083b00000, 0x0000000083c00000|  0%| F|  |TAMS 0x0000000083b00000, 0x0000000083b00000| Untracked 
|  22|0x0000000083c00000, 0x0000000083c00000, 0x0000000083d00000|  0%| F|  |TAMS 0x0000000083c00000, 0x0000000083c00000| Untracked 
|  23|0x0000000083d00000, 0x0000000083d00000, 0x0000000083e00000|  0%| F|  |TAMS 0x0000000083d00000, 0x0000000083d00000| Untracked 
|  24|0x0000000083e00000, 0x0000000083e00000, 0x0000000083f00000|  0%| F|  |TAMS 0x0000000083e00000, 0x0000000083e00000| Untracked 
|  25|0x0000000083f00000, 0x0000000083f00000, 0x0000000084000000|  0%| F|  |TAMS 0x0000000083f00000, 0x0000000083f00000| Untracked 
|  26|0x0000000084000000, 0x0000000084000000, 0x0000000084100000|  0%| F|  |TAMS 0x0000000084000000, 0x0000000084000000| Untracked 
|  27|0x0000000084100000, 0x0000000084100000, 0x0000000084200000|  0%| F|  |TAMS 0x0000000084100000, 0x0000000084100000| Untracked 
|  28|0x0000000084200000, 0x0000000084200000, 0x0000000084300000|  0%| F|  |TAMS 0x0000000084200000, 0x0000000084200000| Untracked 
|  29|0x0000000084300000, 0x0000000084300000, 0x0000000084400000|  0%| F|  |TAMS 0x0000000084300000, 0x0000000084300000| Untracked 
|  30|0x0000000084400000, 0x0000000084400000, 0x0000000084500000|  0%| F|  |TAMS 0x0000000084400000, 0x0000000084400000| Untracked 
|  31|0x0000000084500000, 0x0000000084500000, 0x0000000084600000|  0%| F|  |TAMS 0x0000000084500000, 0x0000000084500000| Untracked 
|  32|0x0000000084600000, 0x0000000084600000, 0x0000000084700000|  0%| F|  |TAMS 0x0000000084600000, 0x0000000084600000| Untracked 
|  33|0x0000000084700000, 0x0000000084700000, 0x0000000084800000|  0%| F|  |TAMS 0x0000000084700000, 0x0000000084700000| Untracked 
|  34|0x0000000084800000, 0x0000000084800000, 0x0000000084900000|  0%| F|  |TAMS 0x0000000084800000, 0x0000000084800000| Untracked 
|  35|0x0000000084900000, 0x0000000084900000, 0x0000000084a00000|  0%| F|  |TAMS 0x0000000084900000, 0x0000000084900000| Untracked 
|  36|0x0000000084a00000, 0x0000000084a00000, 0x0000000084b00000|  0%| F|  |TAMS 0x0000000084a00000, 0x0000000084a00000| Untracked 
|  37|0x0000000084b00000, 0x0000000084b00000, 0x0000000084c00000|  0%| F|  |TAMS 0x0000000084b00000, 0x0000000084b00000| Untracked 
|  38|0x0000000084c00000, 0x0000000084c00000, 0x0000000084d00000|  0%| F|  |TAMS 0x0000000084c00000, 0x0000000084c00000| Untracked 
|  39|0x0000000084d00000, 0x0000000084d00000, 0x0000000084e00000|  0%| F|  |TAMS 0x0000000084d00000, 0x0000000084d00000| Untracked 
|  40|0x0000000084e00000, 0x0000000084e00000, 0x0000000084f00000|  0%| F|  |TAMS 0x0000000084e00000, 0x0000000084e00000| Untracked 
|  41|0x0000000084f00000, 0x0000000084f00000, 0x0000000085000000|  0%| F|  |TAMS 0x0000000084f00000, 0x0000000084f00000| Untracked 
|  42|0x0000000085000000, 0x0000000085000000, 0x0000000085100000|  0%| F|  |TAMS 0x0000000085000000, 0x0000000085000000| Untracked 
|  43|0x0000000085100000, 0x0000000085100000, 0x0000000085200000|  0%| F|  |TAMS 0x0000000085100000, 0x0000000085100000| Untracked 
|  44|0x0000000085200000, 0x0000000085200000, 0x0000000085300000|  0%| F|  |TAMS 0x0000000085200000, 0x0000000085200000| Untracked 
|  45|0x0000000085300000, 0x0000000085300000, 0x0000000085400000|  0%| F|  |TAMS 0x0000000085300000, 0x0000000085300000| Untracked 
|  46|0x0000000085400000, 0x0000000085400000, 0x0000000085500000|  0%| F|  |TAMS 0x0000000085400000, 0x0000000085400000| Untracked 
|  47|0x0000000085500000, 0x0000000085500000, 0x0000000085600000|  0%| F|  |TAMS 0x0000000085500000, 0x0000000085500000| Untracked 
|  48|0x0000000085600000, 0x0000000085600000, 0x0000000085700000|  0%| F|  |TAMS 0x0000000085600000, 0x0000000085600000| Untracked 
|  49|0x0000000085700000, 0x0000000085700000, 0x0000000085800000|  0%| F|  |TAMS 0x0000000085700000, 0x0000000085700000| Untracked 
|  50|0x0000000085800000, 0x0000000085800000, 0x0000000085900000|  0%| F|  |TAMS 0x0000000085800000, 0x0000000085800000| Untracked 
|  51|0x0000000085900000, 0x0000000085900000, 0x0000000085a00000|  0%| F|  |TAMS 0x0000000085900000, 0x0000000085900000| Untracked 
|  52|0x0000000085a00000, 0x0000000085a00000, 0x0000000085b00000|  0%| F|  |TAMS 0x0000000085a00000, 0x0000000085a00000| Untracked 
|  53|0x0000000085b00000, 0x0000000085b00000, 0x0000000085c00000|  0%| F|  |TAMS 0x0000000085b00000, 0x0000000085b00000| Untracked 
|  54|0x0000000085c00000, 0x0000000085c00000, 0x0000000085d00000|  0%| F|  |TAMS 0x0000000085c00000, 0x0000000085c00000| Untracked 
|  55|0x0000000085d00000, 0x0000000085d00000, 0x0000000085e00000|  0%| F|  |TAMS 0x0000000085d00000, 0x0000000085d00000| Untracked 
|  56|0x0000000085e00000, 0x0000000085e00000, 0x0000000085f00000|  0%| F|  |TAMS 0x0000000085e00000, 0x0000000085e00000| Untracked 
|  57|0x0000000085f00000, 0x0000000085f00000, 0x0000000086000000|  0%| F|  |TAMS 0x0000000085f00000, 0x0000000085f00000| Untracked 
|  58|0x0000000086000000, 0x0000000086000000, 0x0000000086100000|  0%| F|  |TAMS 0x0000000086000000, 0x0000000086000000| Untracked 
|  59|0x0000000086100000, 0x0000000086100000, 0x0000000086200000|  0%| F|  |TAMS 0x0000000086100000, 0x0000000086100000| Untracked 
|  60|0x0000000086200000, 0x0000000086200000, 0x0000000086300000|  0%| F|  |TAMS 0x0000000086200000, 0x0000000086200000| Untracked 
|  61|0x0000000086300000, 0x0000000086300000, 0x0000000086400000|  0%| F|  |TAMS 0x0000000086300000, 0x0000000086300000| Untracked 
|  62|0x0000000086400000, 0x0000000086400000, 0x0000000086500000|  0%| F|  |TAMS 0x0000000086400000, 0x0000000086400000| Untracked 
|  63|0x0000000086500000, 0x0000000086500000, 0x0000000086600000|  0%| F|  |TAMS 0x0000000086500000, 0x0000000086500000| Untracked 
|  64|0x0000000086600000, 0x0000000086600000, 0x0000000086700000|  0%| F|  |TAMS 0x0000000086600000, 0x0000000086600000| Untracked 
|  65|0x0000000086700000, 0x0000000086700000, 0x0000000086800000|  0%| F|  |TAMS 0x0000000086700000, 0x0000000086700000| Untracked 
|  66|0x0000000086800000, 0x0000000086800000, 0x0000000086900000|  0%| F|  |TAMS 0x0000000086800000, 0x0000000086800000| Untracked 
|  67|0x0000000086900000, 0x0000000086900000, 0x0000000086a00000|  0%| F|  |TAMS 0x0000000086900000, 0x0000000086900000| Untracked 
|  68|0x0000000086a00000, 0x0000000086a00000, 0x0000000086b00000|  0%| F|  |TAMS 0x0000000086a00000, 0x0000000086a00000| Untracked 
|  69|0x0000000086b00000, 0x0000000086b00000, 0x0000000086c00000|  0%| F|  |TAMS 0x0000000086b00000, 0x0000000086b00000| Untracked 
|  70|0x0000000086c00000, 0x0000000086c00000, 0x0000000086d00000|  0%| F|  |TAMS 0x0000000086c00000, 0x0000000086c00000| Untracked 
|  71|0x0000000086d00000, 0x0000000086d00000, 0x0000000086e00000|  0%| F|  |TAMS 0x0000000086d00000, 0x0000000086d00000| Untracked 
|  72|0x0000000086e00000, 0x0000000086e00000, 0x0000000086f00000|  0%| F|  |TAMS 0x0000000086e00000, 0x0000000086e00000| Untracked 
|  73|0x0000000086f00000, 0x0000000086f00000, 0x0000000087000000|  0%| F|  |TAMS 0x0000000086f00000, 0x0000000086f00000| Untracked 
|  74|0x0000000087000000, 0x0000000087000000, 0x0000000087100000|  0%| F|  |TAMS 0x0000000087000000, 0x0000000087000000| Untracked 
|  75|0x0000000087100000, 0x0000000087100000, 0x0000000087200000|  0%| F|  |TAMS 0x0000000087100000, 0x0000000087100000| Untracked 
|  76|0x0000000087200000, 0x0000000087200000, 0x0000000087300000|  0%| F|  |TAMS 0x0000000087200000, 0x0000000087200000| Untracked 
|  77|0x0000000087300000, 0x0000000087300000, 0x0000000087400000|  0%| F|  |TAMS 0x0000000087300000, 0x0000000087300000| Untracked 
|  78|0x0000000087400000, 0x0000000087400000, 0x0000000087500000|  0%| F|  |TAMS 0x0000000087400000, 0x0000000087400000| Untracked 
|  79|0x0000000087500000, 0x0000000087500000, 0x0000000087600000|  0%| F|  |TAMS 0x0000000087500000, 0x0000000087500000| Untracked 
|  80|0x0000000087600000, 0x0000000087600000, 0x0000000087700000|  0%| F|  |TAMS 0x0000000087600000, 0x0000000087600000| Untracked 
|  81|0x0000000087700000, 0x0000000087700000, 0x0000000087800000|  0%| F|  |TAMS 0x0000000087700000, 0x0000000087700000| Untracked 
|  82|0x0000000087800000, 0x0000000087800000, 0x0000000087900000|  0%| F|  |TAMS 0x0000000087800000, 0x0000000087800000| Untracked 
|  83|0x0000000087900000, 0x0000000087900000, 0x0000000087a00000|  0%| F|  |TAMS 0x0000000087900000, 0x0000000087900000| Untracked 
|  84|0x0000000087a00000, 0x0000000087aa2fb8, 0x0000000087b00000| 63%| E|  |TAMS 0x0000000087a00000, 0x0000000087a00000| Complete 
|  85|0x0000000087b00000, 0x0000000087c00000, 0x0000000087c00000|100%| E|CS|TAMS 0x0000000087b00000, 0x0000000087b00000| Complete 
|  86|0x0000000087c00000, 0x0000000087d00000, 0x0000000087d00000|100%| E|CS|TAMS 0x0000000087c00000, 0x0000000087c00000| Complete 
|  87|0x0000000087d00000, 0x0000000087e00000, 0x0000000087e00000|100%| E|CS|TAMS 0x0000000087d00000, 0x0000000087d00000| Complete 
|  88|0x0000000087e00000, 0x0000000087eedd60, 0x0000000087f00000| 92%| S|CS|TAMS 0x0000000087e00000, 0x0000000087e00000| Complete 
|  89|0x0000000087f00000, 0x0000000088000000, 0x0000000088000000|100%| S|CS|TAMS 0x0000000087f00000, 0x0000000087f00000| Complete 
|  90|0x0000000088000000, 0x0000000088100000, 0x0000000088100000|100%| S|CS|TAMS 0x0000000088000000, 0x0000000088000000| Complete 
|  91|0x0000000088100000, 0x0000000088200000, 0x0000000088200000|100%| S|CS|TAMS 0x0000000088100000, 0x0000000088100000| Complete 
|  92|0x0000000088200000, 0x0000000088300000, 0x0000000088300000|100%| S|CS|TAMS 0x0000000088200000, 0x0000000088200000| Complete 
|  93|0x0000000088300000, 0x0000000088400000, 0x0000000088400000|100%| S|CS|TAMS 0x0000000088300000, 0x0000000088300000| Complete 
|  94|0x0000000088400000, 0x0000000088500000, 0x0000000088500000|100%| S|CS|TAMS 0x0000000088400000, 0x0000000088400000| Complete 
|  95|0x0000000088500000, 0x0000000088600000, 0x0000000088600000|100%| S|CS|TAMS 0x0000000088500000, 0x0000000088500000| Complete 
|  96|0x0000000088600000, 0x0000000088700000, 0x0000000088700000|100%| S|CS|TAMS 0x0000000088600000, 0x0000000088600000| Complete 
|  97|0x0000000088700000, 0x0000000088800000, 0x0000000088800000|100%| E|CS|TAMS 0x0000000088700000, 0x0000000088700000| Complete 
|  98|0x0000000088800000, 0x0000000088900000, 0x0000000088900000|100%| E|CS|TAMS 0x0000000088800000, 0x0000000088800000| Complete 
|  99|0x0000000088900000, 0x0000000088a00000, 0x0000000088a00000|100%| E|CS|TAMS 0x0000000088900000, 0x0000000088900000| Complete 
| 100|0x0000000088a00000, 0x0000000088b00000, 0x0000000088b00000|100%| E|CS|TAMS 0x0000000088a00000, 0x0000000088a00000| Complete 
| 101|0x0000000088b00000, 0x0000000088c00000, 0x0000000088c00000|100%| E|CS|TAMS 0x0000000088b00000, 0x0000000088b00000| Complete 
| 102|0x0000000088c00000, 0x0000000088d00000, 0x0000000088d00000|100%| E|CS|TAMS 0x0000000088c00000, 0x0000000088c00000| Complete 
| 103|0x0000000088d00000, 0x0000000088e00000, 0x0000000088e00000|100%| E|CS|TAMS 0x0000000088d00000, 0x0000000088d00000| Complete 
| 104|0x0000000088e00000, 0x0000000088f00000, 0x0000000088f00000|100%| E|CS|TAMS 0x0000000088e00000, 0x0000000088e00000| Complete 
| 105|0x0000000088f00000, 0x0000000089000000, 0x0000000089000000|100%| E|CS|TAMS 0x0000000088f00000, 0x0000000088f00000| Complete 
| 106|0x0000000089000000, 0x0000000089100000, 0x0000000089100000|100%| E|CS|TAMS 0x0000000089000000, 0x0000000089000000| Complete 
| 107|0x0000000089100000, 0x0000000089200000, 0x0000000089200000|100%| E|CS|TAMS 0x0000000089100000, 0x0000000089100000| Complete 
| 108|0x0000000089200000, 0x0000000089300000, 0x0000000089300000|100%| E|CS|TAMS 0x0000000089200000, 0x0000000089200000| Complete 
| 109|0x0000000089300000, 0x0000000089400000, 0x0000000089400000|100%| E|CS|TAMS 0x0000000089300000, 0x0000000089300000| Complete 
| 110|0x0000000089400000, 0x0000000089500000, 0x0000000089500000|100%| E|CS|TAMS 0x0000000089400000, 0x0000000089400000| Complete 
| 111|0x0000000089500000, 0x0000000089600000, 0x0000000089600000|100%| E|CS|TAMS 0x0000000089500000, 0x0000000089500000| Complete 
| 112|0x0000000089600000, 0x0000000089700000, 0x0000000089700000|100%| E|CS|TAMS 0x0000000089600000, 0x0000000089600000| Complete 
| 113|0x0000000089700000, 0x0000000089800000, 0x0000000089800000|100%| E|CS|TAMS 0x0000000089700000, 0x0000000089700000| Complete 
| 114|0x0000000089800000, 0x0000000089900000, 0x0000000089900000|100%| E|CS|TAMS 0x0000000089800000, 0x0000000089800000| Complete 
| 115|0x0000000089900000, 0x0000000089a00000, 0x0000000089a00000|100%| E|CS|TAMS 0x0000000089900000, 0x0000000089900000| Complete 
| 116|0x0000000089a00000, 0x0000000089b00000, 0x0000000089b00000|100%| E|CS|TAMS 0x0000000089a00000, 0x0000000089a00000| Complete 
| 117|0x0000000089b00000, 0x0000000089c00000, 0x0000000089c00000|100%| E|CS|TAMS 0x0000000089b00000, 0x0000000089b00000| Complete 
| 118|0x0000000089c00000, 0x0000000089d00000, 0x0000000089d00000|100%| E|CS|TAMS 0x0000000089c00000, 0x0000000089c00000| Complete 
| 119|0x0000000089d00000, 0x0000000089e00000, 0x0000000089e00000|100%| E|CS|TAMS 0x0000000089d00000, 0x0000000089d00000| Complete 
| 120|0x0000000089e00000, 0x0000000089f00000, 0x0000000089f00000|100%| E|CS|TAMS 0x0000000089e00000, 0x0000000089e00000| Complete 
| 121|0x0000000089f00000, 0x000000008a000000, 0x000000008a000000|100%| E|CS|TAMS 0x0000000089f00000, 0x0000000089f00000| Complete 
| 122|0x000000008a000000, 0x000000008a100000, 0x000000008a100000|100%| E|CS|TAMS 0x000000008a000000, 0x000000008a000000| Complete 
| 123|0x000000008a100000, 0x000000008a200000, 0x000000008a200000|100%| E|CS|TAMS 0x000000008a100000, 0x000000008a100000| Complete 
| 124|0x000000008a200000, 0x000000008a300000, 0x000000008a300000|100%| E|CS|TAMS 0x000000008a200000, 0x000000008a200000| Complete 
| 125|0x000000008a300000, 0x000000008a400000, 0x000000008a400000|100%| E|CS|TAMS 0x000000008a300000, 0x000000008a300000| Complete 
| 126|0x000000008a400000, 0x000000008a500000, 0x000000008a500000|100%| E|CS|TAMS 0x000000008a400000, 0x000000008a400000| Complete 
| 127|0x000000008a500000, 0x000000008a600000, 0x000000008a600000|100%| E|CS|TAMS 0x000000008a500000, 0x000000008a500000| Complete 
| 128|0x000000008a600000, 0x000000008a700000, 0x000000008a700000|100%| E|CS|TAMS 0x000000008a600000, 0x000000008a600000| Complete 
| 129|0x000000008a700000, 0x000000008a800000, 0x000000008a800000|100%| E|CS|TAMS 0x000000008a700000, 0x000000008a700000| Complete 
| 130|0x000000008a800000, 0x000000008a900000, 0x000000008a900000|100%| E|CS|TAMS 0x000000008a800000, 0x000000008a800000| Complete 
| 131|0x000000008a900000, 0x000000008aa00000, 0x000000008aa00000|100%| E|CS|TAMS 0x000000008a900000, 0x000000008a900000| Complete 
| 132|0x000000008aa00000, 0x000000008ab00000, 0x000000008ab00000|100%| E|CS|TAMS 0x000000008aa00000, 0x000000008aa00000| Complete 
| 133|0x000000008ab00000, 0x000000008ac00000, 0x000000008ac00000|100%| E|  |TAMS 0x000000008ab00000, 0x000000008ab00000| Complete 
| 134|0x000000008ac00000, 0x000000008ad00000, 0x000000008ad00000|100%| E|CS|TAMS 0x000000008ac00000, 0x000000008ac00000| Complete 
| 135|0x000000008ad00000, 0x000000008ae00000, 0x000000008ae00000|100%| E|CS|TAMS 0x000000008ad00000, 0x000000008ad00000| Complete 
| 136|0x000000008ae00000, 0x000000008af00000, 0x000000008af00000|100%| E|CS|TAMS 0x000000008ae00000, 0x000000008ae00000| Complete 
| 137|0x000000008af00000, 0x000000008b000000, 0x000000008b000000|100%| E|CS|TAMS 0x000000008af00000, 0x000000008af00000| Complete 
| 138|0x000000008b000000, 0x000000008b100000, 0x000000008b100000|100%| E|CS|TAMS 0x000000008b000000, 0x000000008b000000| Complete 
| 139|0x000000008b100000, 0x000000008b200000, 0x000000008b200000|100%| E|CS|TAMS 0x000000008b100000, 0x000000008b100000| Complete 
| 140|0x000000008b200000, 0x000000008b300000, 0x000000008b300000|100%| E|CS|TAMS 0x000000008b200000, 0x000000008b200000| Complete 
| 141|0x000000008b300000, 0x000000008b400000, 0x000000008b400000|100%| E|CS|TAMS 0x000000008b300000, 0x000000008b300000| Complete 
| 142|0x000000008b400000, 0x000000008b500000, 0x000000008b500000|100%| E|CS|TAMS 0x000000008b400000, 0x000000008b400000| Complete 
| 143|0x000000008b500000, 0x000000008b600000, 0x000000008b600000|100%| E|CS|TAMS 0x000000008b500000, 0x000000008b500000| Complete 
| 144|0x000000008b600000, 0x000000008b700000, 0x000000008b700000|100%| E|CS|TAMS 0x000000008b600000, 0x000000008b600000| Complete 
| 145|0x000000008b700000, 0x000000008b800000, 0x000000008b800000|100%| E|CS|TAMS 0x000000008b700000, 0x000000008b700000| Complete 
| 146|0x000000008b800000, 0x000000008b900000, 0x000000008b900000|100%| E|CS|TAMS 0x000000008b800000, 0x000000008b800000| Complete 
| 147|0x000000008b900000, 0x000000008ba00000, 0x000000008ba00000|100%| E|CS|TAMS 0x000000008b900000, 0x000000008b900000| Complete 
| 148|0x000000008ba00000, 0x000000008bb00000, 0x000000008bb00000|100%| E|CS|TAMS 0x000000008ba00000, 0x000000008ba00000| Complete 
| 149|0x000000008bb00000, 0x000000008bc00000, 0x000000008bc00000|100%| E|CS|TAMS 0x000000008bb00000, 0x000000008bb00000| Complete 
| 150|0x000000008bc00000, 0x000000008bd00000, 0x000000008bd00000|100%| E|CS|TAMS 0x000000008bc00000, 0x000000008bc00000| Complete 
| 151|0x000000008bd00000, 0x000000008be00000, 0x000000008be00000|100%| E|CS|TAMS 0x000000008bd00000, 0x000000008bd00000| Complete 

Card table byte_map: [0x0000029ab3440000,0x0000029ab3830000] _byte_map_base: 0x0000029ab302d000

Marking Bits (Prev, Next): (CMBitMap*) 0x0000029a9ba06ef0, (CMBitMap*) 0x0000029a9ba06eb8
 Prev Bits: [0x0000029ab5b90000, 0x0000029ab7af8000)
 Next Bits: [0x0000029ab3c20000, 0x0000029ab5b88000)

Polling page: 0x0000029a998f0000

Metaspace:

Usage:
  Non-class:     53.74 MB capacity,    52.98 MB ( 99%) used,   607.71 KB (  1%) free+waste,   169.13 KB ( <1%) overhead. 
      Class:      7.89 MB capacity,     7.39 MB ( 94%) used,   436.70 KB (  5%) free+waste,    77.56 KB ( <1%) overhead. 
       Both:     61.64 MB capacity,    60.38 MB ( 98%) used,     1.02 MB (  2%) free+waste,   246.69 KB ( <1%) overhead. 

Virtual space:
  Non-class space:       54.00 MB reserved,      53.75 MB (>99%) committed 
      Class space:        1.00 GB reserved,       8.00 MB ( <1%) committed 
             Both:        1.05 GB reserved,      61.75 MB (  6%) committed 

Chunk freelists:
   Non-Class:  1.00 KB
       Class:  1.50 KB
        Both:  2.50 KB

CodeHeap 'non-profiled nmethods': size=120000Kb used=3879Kb max_used=3879Kb free=116120Kb
 bounds [0x0000029aab7f0000, 0x0000029aabbc0000, 0x0000029ab2d20000]
CodeHeap 'profiled nmethods': size=120000Kb used=12813Kb max_used=12813Kb free=107186Kb
 bounds [0x0000029aa42c0000, 0x0000029aa4f50000, 0x0000029aab7f0000]
CodeHeap 'non-nmethods': size=5760Kb used=1234Kb max_used=1268Kb free=4525Kb
 bounds [0x0000029aa3d20000, 0x0000029aa3f90000, 0x0000029aa42c0000]
 total_blobs=7790 nmethods=5510 adapters=518
 compilation: enabled
              stopped_count=0, restarted_count=0
 full_count=0

Compilation events (10 events):
Event: 18086.151 Thread 0x0000029abae0d800 nmethod 5704% 0x0000029aabbb7110 code [0x0000029aabbb73c0, 0x0000029aabbb8f20]
Event: 18088.094 Thread 0x0000029abae1c000 5705   !   3       java.util.concurrent.LinkedBlockingQueue::poll (128 bytes)
Event: 18088.096 Thread 0x0000029abae1c000 nmethod 5705 0x0000029aa4f43f90 code [0x0000029aa4f44360, 0x0000029aa4f45c30]
Event: 18088.352 Thread 0x0000029abae0d800 5706       4       java.util.regex.Pattern$Node::study (21 bytes)
Event: 18088.353 Thread 0x0000029abae0d800 nmethod 5706 0x0000029aabbb9c90 code [0x0000029aabbb9e20, 0x0000029aabbb9eb8]
Event: 43505.665 Thread 0x0000029abae1c000 5707       3       com.zaxxer.hikari.pool.PoolEntry::compareAndSet (10 bytes)
Event: 43507.933 Thread 0x0000029abae1c000 nmethod 5707 0x0000029aa4f46890 code [0x0000029aa4f46a60, 0x0000029aa4f46db0]
Event: 43507.935 Thread 0x0000029abae1c000 5708       3       java.util.concurrent.atomic.AtomicIntegerFieldUpdater$AtomicIntegerFieldUpdaterImpl::compareAndSet (19 bytes)
Event: 43507.942 Thread 0x0000029abae1c000 nmethod 5708 0x0000029aa4f46f10 code [0x0000029aa4f470e0, 0x0000029aa4f47390]
Event: 43507.948 Thread 0x0000029abae1c000 5709   !   3       java.util.concurrent.FutureTask::run (123 bytes)

GC Heap History (10 events):
Event: 1.383 GC heap before
{Heap before GC invocations=5 (full 0):
 garbage-first heap   total 129024K, used 78380K [0x0000000082600000, 0x0000000100000000)
  region size 1024K, 71 young (72704K), 2 survivors (2048K)
 Metaspace       used 24650K, capacity 25263K, committed 25600K, reserved 1071104K
  class space    used 2720K, capacity 2947K, committed 3072K, reserved 1048576K
}
Event: 1.388 GC heap after
{Heap after GC invocations=6 (full 0):
 garbage-first heap   total 129024K, used 9889K [0x0000000082600000, 0x0000000100000000)
  region size 1024K, 4 young (4096K), 4 survivors (4096K)
 Metaspace       used 24650K, capacity 25263K, committed 25600K, reserved 1071104K
  class space    used 2720K, capacity 2947K, committed 3072K, reserved 1048576K
}
Event: 2.722 GC heap before
{Heap before GC invocations=6 (full 0):
 garbage-first heap   total 129024K, used 81569K [0x0000000082600000, 0x0000000100000000)
  region size 1024K, 75 young (76800K), 4 survivors (4096K)
 Metaspace       used 33450K, capacity 34366K, committed 34560K, reserved 1079296K
  class space    used 3863K, capacity 4239K, committed 4352K, reserved 1048576K
}
Event: 2.730 GC heap after
{Heap after GC invocations=7 (full 0):
 garbage-first heap   total 155648K, used 13380K [0x0000000082600000, 0x0000000100000000)
  region size 1024K, 7 young (7168K), 7 survivors (7168K)
 Metaspace       used 33450K, capacity 34366K, committed 34560K, reserved 1079296K
  class space    used 3863K, capacity 4239K, committed 4352K, reserved 1048576K
}
Event: 2.991 GC heap before
{Heap before GC invocations=7 (full 0):
 garbage-first heap   total 155648K, used 56388K [0x0000000082600000, 0x0000000100000000)
  region size 1024K, 51 young (52224K), 7 survivors (7168K)
 Metaspace       used 34859K, capacity 35779K, committed 35840K, reserved 1081344K
  class space    used 4038K, capacity 4434K, committed 4480K, reserved 1048576K
}
Event: 2.999 GC heap after
{Heap after GC invocations=8 (full 0):
 garbage-first heap   total 155648K, used 14191K [0x0000000082600000, 0x0000000100000000)
  region size 1024K, 7 young (7168K), 7 survivors (7168K)
 Metaspace       used 34859K, capacity 35779K, committed 35840K, reserved 1081344K
  class space    used 4038K, capacity 4434K, committed 4480K, reserved 1048576K
}
Event: 6.797 GC heap before
{Heap before GC invocations=9 (full 0):
 garbage-first heap   total 155648K, used 100207K [0x0000000082600000, 0x0000000100000000)
  region size 1024K, 91 young (93184K), 7 survivors (7168K)
 Metaspace       used 49716K, capacity 50903K, committed 51072K, reserved 1093632K
  class space    used 6017K, capacity 6480K, committed 6528K, reserved 1048576K
}
Event: 6.808 GC heap after
{Heap after GC invocations=10 (full 0):
 garbage-first heap   total 155648K, used 19358K [0x0000000082600000, 0x0000000100000000)
  region size 1024K, 12 young (12288K), 12 survivors (12288K)
 Metaspace       used 49716K, capacity 50903K, committed 51072K, reserved 1093632K
  class space    used 6017K, capacity 6480K, committed 6528K, reserved 1048576K
}
Event: 38.293 GC heap before
{Heap before GC invocations=10 (full 0):
 garbage-first heap   total 155648K, used 73630K [0x0000000082600000, 0x0000000100000000)
  region size 1024K, 67 young (68608K), 12 survivors (12288K)
 Metaspace       used 58845K, capacity 60069K, committed 60160K, reserved 1101824K
  class space    used 7305K, capacity 7786K, committed 7808K, reserved 1048576K
}
Event: 38.303 GC heap after
{Heap after GC invocations=11 (full 0):
 garbage-first heap   total 155648K, used 21732K [0x0000000082600000, 0x0000000100000000)
  region size 1024K, 9 young (9216K), 9 survivors (9216K)
 Metaspace       used 58845K, capacity 60069K, committed 60160K, reserved 1101824K
  class space    used 7305K, capacity 7786K, committed 7808K, reserved 1048576K
}

Deoptimization events (10 events):
Event: 7.142 Thread 0x0000029abf01b800 Uncommon trap: reason=unstable_if action=reinterpret pc=0x0000029aab9cba98 method=java.lang.StringLatin1.compareToCI([B[B)I @ 68 c2
Event: 7.597 Thread 0x0000029abf01b800 Uncommon trap: reason=unstable_if action=reinterpret pc=0x0000029aab8ff7e0 method=java.util.IdentityHashMap.nextKeyIndex(II)I @ 4 c2
Event: 44.930 Thread 0x0000029abe02b000 Uncommon trap: reason=unstable_if action=reinterpret pc=0x0000029aab8a4634 method=java.nio.Buffer.<init>(IIII)V @ 44 c2
Event: 44.934 Thread 0x0000029abe02b000 Uncommon trap: reason=unstable_if action=reinterpret pc=0x0000029aab95ae5c method=java.lang.AbstractStringBuilder.charAt(I)C @ 12 c2
Event: 45.250 Thread 0x0000029abe02b800 Uncommon trap: reason=class_check action=maybe_recompile pc=0x0000029aaba990b8 method=java.util.concurrent.ConcurrentHashMap.putVal(Ljava/lang/Object;Ljava/lang/Object;Z)Ljava/lang/Object; @ 159 c2
Event: 45.250 Thread 0x0000029abe02b800 Uncommon trap: reason=class_check action=maybe_recompile pc=0x0000029aaba990b8 method=java.util.concurrent.ConcurrentHashMap.putVal(Ljava/lang/Object;Ljava/lang/Object;Z)Ljava/lang/Object; @ 159 c2
Event: 105.736 Thread 0x0000029abe026000 Uncommon trap: reason=unstable_if action=reinterpret pc=0x0000029aab8a3728 method=java.nio.Buffer.<init>(IIII)V @ 44 c2
Event: 3805.229 Thread 0x0000029abf020800 Uncommon trap: reason=unstable_if action=reinterpret pc=0x0000029aab805084 method=java.lang.StringCoding.hasNegatives([BII)Z @ 12 c2
Event: 3969.054 Thread 0x0000029abf01e000 Uncommon trap: reason=unstable_if action=reinterpret pc=0x0000029aabb33150 method=java.util.concurrent.ScheduledThreadPoolExecutor$ScheduledFutureTask.compareTo(Ljava/util/concurrent/Delayed;)I @ 40 c2
Event: 4024.054 Thread 0x0000029abf01e000 Uncommon trap: reason=unstable_if action=reinterpret pc=0x0000029aabb334d4 method=java.util.concurrent.ScheduledThreadPoolExecutor$ScheduledFutureTask.compareTo(Ljava/util/concurrent/Delayed;)I @ 40 c2

Classes redefined (0 events):
No events

Internal exceptions (10 events):
Event: 43505.488 Thread 0x0000029abf020800 Exception <a 'java/lang/OutOfMemoryError'{0x0000000088dd94e8}: unable to create native thread: possibly out of memory or process/resource limits reached> (0x0000000088dd94e8) thrown at [t:/workspace/open/src/hotspot/share/prims/jvm.cpp, line 2914]
Event: 43505.637 Thread 0x0000029abf020800 Exception <a 'java/lang/OutOfMemoryError'{0x0000000088dd9aa0}: unable to create native thread: possibly out of memory or process/resource limits reached> (0x0000000088dd9aa0) thrown at [t:/workspace/open/src/hotspot/share/prims/jvm.cpp, line 2914]
Event: 43505.655 Thread 0x0000029abf020800 Exception <a 'java/lang/OutOfMemoryError'{0x0000000088dda058}: unable to create native thread: possibly out of memory or process/resource limits reached> (0x0000000088dda058) thrown at [t:/workspace/open/src/hotspot/share/prims/jvm.cpp, line 2914]
Event: 43505.659 Thread 0x0000029abf020800 Exception <a 'java/lang/OutOfMemoryError'{0x0000000088dda608}: unable to create native thread: possibly out of memory or process/resource limits reached> (0x0000000088dda608) thrown at [t:/workspace/open/src/hotspot/share/prims/jvm.cpp, line 2914]
Event: 43505.668 Thread 0x0000029abf020800 Exception <a 'java/lang/OutOfMemoryError'{0x0000000088ddabb8}: unable to create native thread: possibly out of memory or process/resource limits reached> (0x0000000088ddabb8) thrown at [t:/workspace/open/src/hotspot/share/prims/jvm.cpp, line 2914]
Event: 43505.686 Thread 0x0000029abf020800 Exception <a 'java/lang/OutOfMemoryError'{0x0000000088ddb160}: unable to create native thread: possibly out of memory or process/resource limits reached> (0x0000000088ddb160) thrown at [t:/workspace/open/src/hotspot/share/prims/jvm.cpp, line 2914]
Event: 43505.700 Thread 0x0000029abf020800 Exception <a 'java/lang/OutOfMemoryError'{0x0000000088ddb708}: unable to create native thread: possibly out of memory or process/resource limits reached> (0x0000000088ddb708) thrown at [t:/workspace/open/src/hotspot/share/prims/jvm.cpp, line 2914]
Event: 43505.711 Thread 0x0000029abf020800 Exception <a 'java/lang/OutOfMemoryError'{0x0000000088ddbca8}: unable to create native thread: possibly out of memory or process/resource limits reached> (0x0000000088ddbca8) thrown at [t:/workspace/open/src/hotspot/share/prims/jvm.cpp, line 2914]
Event: 43505.719 Thread 0x0000029abf020800 Exception <a 'java/lang/OutOfMemoryError'{0x0000000088ddc248}: unable to create native thread: possibly out of memory or process/resource limits reached> (0x0000000088ddc248) thrown at [t:/workspace/open/src/hotspot/share/prims/jvm.cpp, line 2914]
Event: 43505.722 Thread 0x0000029abf020800 Exception <a 'java/lang/OutOfMemoryError'{0x0000000088ddc7e0}: unable to create native thread: possibly out of memory or process/resource limits reached> (0x0000000088ddc7e0) thrown at [t:/workspace/open/src/hotspot/share/prims/jvm.cpp, line 2914]

Events (10 events):
Event: 18086.118 Executing VM operation: RevokeBias
Event: 18086.119 Executing VM operation: RevokeBias done
Event: 18087.852 Executing VM operation: RevokeBias
Event: 18087.852 Executing VM operation: RevokeBias done
Event: 18088.352 Executing VM operation: BulkRevokeBias
Event: 18088.352 Executing VM operation: BulkRevokeBias done
Event: 18088.352 Executing VM operation: BulkRevokeBias
Event: 18088.352 Executing VM operation: BulkRevokeBias done
Event: 18093.095 Thread 0x0000029abe022800 Thread exited: 0x0000029abe022800
Event: 18095.580 Thread 0x0000029abe030000 Thread exited: 0x0000029abe030000


Dynamic libraries:
0x00007ff63d2a0000 - 0x00007ff63d2e7000 	C:\Program Files\Java\jdk-11.0.6\bin\javaw.exe
0x00007ff9a7980000 - 0x00007ff9a7b70000 	C:\WINDOWS\SYSTEM32\ntdll.dll
0x00007ff9a6320000 - 0x00007ff9a63d2000 	C:\WINDOWS\System32\KERNEL32.DLL
0x00007ff9a5560000 - 0x00007ff9a5804000 	C:\WINDOWS\System32\KERNELBASE.dll
0x00000000633f0000 - 0x0000000063485000 	C:\WINDOWS\System32\SYSFER.DLL
0x00007ff9a6900000 - 0x00007ff9a69a3000 	C:\WINDOWS\System32\ADVAPI32.dll
0x00007ff9a7500000 - 0x00007ff9a759e000 	C:\WINDOWS\System32\msvcrt.dll
0x00007ff9a6d60000 - 0x00007ff9a6df7000 	C:\WINDOWS\System32\sechost.dll
0x00007ff9a6fa0000 - 0x00007ff9a70c0000 	C:\WINDOWS\System32\RPCRT4.dll
0x00007ff9a77a0000 - 0x00007ff9a7934000 	C:\WINDOWS\System32\USER32.dll
0x00007ff9a5a00000 - 0x00007ff9a5a21000 	C:\WINDOWS\System32\win32u.dll
0x00007ff9a7600000 - 0x00007ff9a7626000 	C:\WINDOWS\System32\GDI32.dll
0x00007ff9a4910000 - 0x00007ff9a4aa5000 	C:\WINDOWS\System32\gdi32full.dll
0x00007ff9a4cb0000 - 0x00007ff9a4d4e000 	C:\WINDOWS\System32\msvcp_win.dll
0x00007ff9a5900000 - 0x00007ff9a59fa000 	C:\WINDOWS\System32\ucrtbase.dll
0x00007ff9a3d50000 - 0x00007ff9a3fd4000 	C:\WINDOWS\WinSxS\amd64_microsoft.windows.common-controls_6595b64144ccf1df_6.0.18362.900_none_e6beb9d913147d17\COMCTL32.dll
0x00007ff9a2420000 - 0x00007ff9a242a000 	C:\WINDOWS\SYSTEM32\VERSION.dll
0x00007ff9a6a20000 - 0x00007ff9a6d55000 	C:\WINDOWS\System32\combase.dll
0x00007ff9a5810000 - 0x00007ff9a5890000 	C:\WINDOWS\System32\bcryptPrimitives.dll
0x00007ff9a68d0000 - 0x00007ff9a68fe000 	C:\WINDOWS\System32\IMM32.DLL
0x00007ff991f10000 - 0x00007ff991f26000 	C:\Program Files\Java\jdk-11.0.6\bin\vcruntime140.dll
0x00007ff98fb90000 - 0x00007ff98fc3a000 	C:\Program Files\Java\jdk-11.0.6\bin\msvcp140.dll
0x00007ff956c10000 - 0x00007ff957739000 	C:\Program Files\Java\jdk-11.0.6\bin\server\jvm.dll
0x00007ff9a6860000 - 0x00007ff9a6868000 	C:\WINDOWS\System32\PSAPI.DLL
0x00007ff9828a0000 - 0x00007ff9828a9000 	C:\WINDOWS\SYSTEM32\WSOCK32.dll
0x00007ff9a69b0000 - 0x00007ff9a6a1f000 	C:\WINDOWS\System32\WS2_32.dll
0x00007ff9a0540000 - 0x00007ff9a0564000 	C:\WINDOWS\SYSTEM32\WINMM.dll
0x00007ff9a0510000 - 0x00007ff9a053d000 	C:\WINDOWS\SYSTEM32\WINMMBASE.dll
0x00007ff9a58b0000 - 0x00007ff9a58fa000 	C:\WINDOWS\System32\cfgmgr32.dll
0x00007ff9a48f0000 - 0x00007ff9a4901000 	C:\WINDOWS\System32\kernel.appcore.dll
0x00007ff999f00000 - 0x00007ff999f11000 	C:\Program Files\Java\jdk-11.0.6\bin\verify.dll
0x00007ff9a4360000 - 0x00007ff9a4554000 	C:\WINDOWS\SYSTEM32\DBGHELP.DLL
0x00007ff9a4270000 - 0x00007ff9a429a000 	C:\WINDOWS\SYSTEM32\dbgcore.DLL
0x00007ff989f60000 - 0x00007ff989f89000 	C:\Program Files\Java\jdk-11.0.6\bin\java.dll
0x00007ff96e310000 - 0x00007ff96e37d000 	C:\Program Files (x86)\Manufacturer\Endpoint Agent\prntm64.dll
0x00007ff9a75a0000 - 0x00007ff9a75f2000 	C:\WINDOWS\System32\SHLWAPI.dll
0x00007ff9a71f0000 - 0x00007ff9a7347000 	C:\WINDOWS\System32\ole32.dll
0x00007ff9a6e00000 - 0x00007ff9a6ec5000 	C:\WINDOWS\System32\OLEAUT32.dll
0x00007ff9a2450000 - 0x00007ff9a245c000 	C:\WINDOWS\SYSTEM32\Secur32.dll
0x00007ff96e280000 - 0x00007ff96e309000 	C:\WINDOWS\SYSTEM32\WINSPOOL.DRV
0x00007ff9a4d50000 - 0x00007ff9a4d76000 	C:\WINDOWS\System32\bcrypt.dll
0x00007ff987a70000 - 0x00007ff987b5f000 	C:\WINDOWS\SYSTEM32\MSVCR120.dll
0x00007ff9879c0000 - 0x00007ff987a66000 	C:\WINDOWS\SYSTEM32\MSVCP120.dll
0x00007ff99c4a0000 - 0x00007ff99c590000 	C:\WINDOWS\SYSTEM32\PROPSYS.dll
0x00007ff9a6200000 - 0x00007ff9a62a9000 	C:\WINDOWS\System32\shcore.dll
0x00007ff9a3740000 - 0x00007ff9a377a000 	C:\WINDOWS\SYSTEM32\IPHLPAPI.DLL
0x00007ff9a4730000 - 0x00007ff9a475f000 	C:\WINDOWS\SYSTEM32\SSPICLI.DLL
0x00007ff995010000 - 0x00007ff995026000 	C:\Program Files\Java\jdk-11.0.6\bin\zip.dll
0x00007ff992a00000 - 0x00007ff992a0a000 	C:\Program Files\Java\jdk-11.0.6\bin\jimage.dll
0x00007ff9a5a30000 - 0x00007ff9a6116000 	C:\WINDOWS\System32\SHELL32.dll
0x00007ff9a4de0000 - 0x00007ff9a5560000 	C:\WINDOWS\System32\windows.storage.dll
0x00007ff9a48c0000 - 0x00007ff9a48e3000 	C:\WINDOWS\System32\profapi.dll
0x00007ff9a4870000 - 0x00007ff9a48ba000 	C:\WINDOWS\System32\powrprof.dll
0x00007ff9a4840000 - 0x00007ff9a4850000 	C:\WINDOWS\System32\UMPDC.dll
0x00007ff9a5890000 - 0x00007ff9a58a7000 	C:\WINDOWS\System32\cryptsp.dll
0x00007ff989720000 - 0x00007ff989739000 	C:\Program Files\Java\jdk-11.0.6\bin\net.dll
0x00007ff99d0c0000 - 0x00007ff99d1b0000 	C:\WINDOWS\SYSTEM32\WINHTTP.dll
0x00007ff9a3a30000 - 0x00007ff9a3a97000 	C:\WINDOWS\system32\mswsock.dll
0x00007ff9894b0000 - 0x00007ff9894c3000 	C:\Program Files\Java\jdk-11.0.6\bin\nio.dll
0x00007ff99a290000 - 0x00007ff99a299000 	C:\Program Files\Java\jdk-11.0.6\bin\management.dll
0x00007ff99a1e0000 - 0x00007ff99a1ec000 	C:\Program Files\Java\jdk-11.0.6\bin\management_ext.dll
0x00007ff9799d0000 - 0x00007ff9799e6000 	C:\WINDOWS\system32\napinsp.dll
0x00007ff9799b0000 - 0x00007ff9799ca000 	C:\WINDOWS\system32\pnrpnsp.dll
0x00007ff9a3790000 - 0x00007ff9a385b000 	C:\WINDOWS\SYSTEM32\DNSAPI.dll
0x00007ff9a7630000 - 0x00007ff9a7638000 	C:\WINDOWS\System32\NSI.dll
0x00007ff9799a0000 - 0x00007ff9799ae000 	C:\WINDOWS\System32\winrnr.dll
0x00007ff9a01f0000 - 0x00007ff9a020c000 	C:\WINDOWS\system32\NLAapi.dll
0x00007ff979790000 - 0x00007ff9797a5000 	C:\WINDOWS\system32\wshbth.dll
0x00007ff99a7b0000 - 0x00007ff99a7ba000 	C:\Windows\System32\rasadhlp.dll
0x00007ff9959e0000 - 0x00007ff995a57000 	C:\WINDOWS\System32\fwpuclnt.dll
0x00007ff9a32d0000 - 0x00007ff9a3303000 	C:\WINDOWS\system32\rsaenh.dll
0x00007ff9a4760000 - 0x00007ff9a4785000 	C:\WINDOWS\SYSTEM32\USERENV.dll
0x00007ff9a3c00000 - 0x00007ff9a3c0c000 	C:\WINDOWS\SYSTEM32\CRYPTBASE.dll
0x00007ff99af30000 - 0x00007ff99af46000 	C:\WINDOWS\SYSTEM32\dhcpcsvc6.DLL
0x00007ff99af10000 - 0x00007ff99af2c000 	C:\WINDOWS\SYSTEM32\dhcpcsvc.DLL
0x00007ff99a190000 - 0x00007ff99a19d000 	C:\Program Files\Java\jdk-11.0.6\bin\sunmscapi.dll
0x00007ff9a4b60000 - 0x00007ff9a4ca9000 	C:\WINDOWS\System32\CRYPT32.dll
0x00007ff9a4850000 - 0x00007ff9a4862000 	C:\WINDOWS\System32\MSASN1.dll
0x00007ff9a3d20000 - 0x00007ff9a3d46000 	C:\WINDOWS\SYSTEM32\ncrypt.dll
0x00007ff9a3ce0000 - 0x00007ff9a3d1b000 	C:\WINDOWS\SYSTEM32\NTASN1.dll
0x00007ff99a160000 - 0x00007ff99a187000 	C:\Program Files\Java\jdk-11.0.6\bin\sunec.dll

dbghelp: loaded successfully - version: 4.0.5 - missing functions: none
symbol engine: initialized successfully - sym options: 0x614 - pdb path: .;C:\Program Files\Java\jdk-11.0.6\bin;C:\WINDOWS\SYSTEM32;C:\WINDOWS\WinSxS\amd64_microsoft.windows.common-controls_6595b64144ccf1df_6.0.18362.900_none_e6beb9d913147d17;C:\Program Files\Java\jdk-11.0.6\bin\server;C:\Program Files (x86)\Manufacturer\Endpoint Agent

VM Arguments:
jvm_args: -Dfile.encoding=UTF-8 
java_command: App.WeatherInCityApplication
java_class_path (initial): C:\Users\703215299\Documents\swss\julyscreenShotQuestion\weatherAPI\weatherInCity\target\classes;C:\software2019\Sprint3CVS Repo\repository\org\springframework\boot\spring-boot-starter-web\2.3.1.RELEASE\spring-boot-starter-web-2.3.1.RELEASE.jar;C:\software2019\Sprint3CVS Repo\repository\org\springframework\boot\spring-boot-starter\2.3.1.RELEASE\spring-boot-starter-2.3.1.RELEASE.jar;C:\software2019\Sprint3CVS Repo\repository\org\springframework\boot\spring-boot\2.3.1.RELEASE\spring-boot-2.3.1.RELEASE.jar;C:\software2019\Sprint3CVS Repo\repository\org\springframework\boot\spring-boot-autoconfigure\2.3.1.RELEASE\spring-boot-autoconfigure-2.3.1.RELEASE.jar;C:\software2019\Sprint3CVS Repo\repository\org\springframework\boot\spring-boot-starter-logging\2.3.1.RELEASE\spring-boot-starter-logging-2.3.1.RELEASE.jar;C:\software2019\Sprint3CVS Repo\repository\ch\qos\logback\logback-classic\1.2.3\logback-classic-1.2.3.jar;C:\software2019\Sprint3CVS Repo\repository\ch\qos\logback\logback-core\1.2.3\logback-core-1.2.3.jar;C:\software2019\Sprint3CVS Repo\repository\org\apache\logging\log4j\log4j-to-slf4j\2.13.3\log4j-to-slf4j-2.13.3.jar;C:\software2019\Sprint3CVS Repo\repository\org\apache\logging\log4j\log4j-api\2.13.3\log4j-api-2.13.3.jar;C:\software2019\Sprint3CVS Repo\repository\org\slf4j\jul-to-slf4j\1.7.30\jul-to-slf4j-1.7.30.jar;C:\software2019\Sprint3CVS Repo\repository\org\yaml\snakeyaml\1.26\snakeyaml-1.26.jar;C:\software2019\Sprint3CVS Repo\repository\org\springframework\boot\spring-boot-starter-json\2.3.1.RELEASE\spring-boot-starter-json-2.3.1.RELEASE.jar;C:\software2019\Sprint3CVS Repo\repository\com\fasterxml\jackson\core\jackson-databind\2.11.0\jackson-databind-2.11.0.jar;C:\software2019\Sprint3CVS Repo\repository\com\fasterxml\jackson\core\jackson-annotations\2.11.0\jackson-annotations-2.11.0.jar;C:\software2019\Sprint3CVS Repo\repository\com\fasterxml\jackson\core\jackson-core\2.11.0\jackson-core-2.11.0.jar;C:\software2019\Sprint3CVS Re
Launcher Type: SUN_STANDARD

[Global flags]
     intx CICompilerCount                          = 4                                         {product} {ergonomic}
     uint ConcGCThreads                            = 2                                         {product} {ergonomic}
     uint G1ConcRefinementThreads                  = 8                                         {product} {ergonomic}
   size_t G1HeapRegionSize                         = 1048576                                   {product} {ergonomic}
    uintx GCDrainStackTargetSize                   = 64                                        {product} {ergonomic}
   size_t InitialHeapSize                          = 132120576                                 {product} {ergonomic}
   size_t MarkStackSize                            = 4194304                                   {product} {ergonomic}
   size_t MaxHeapSize                              = 2107637760                                {product} {ergonomic}
   size_t MaxNewSize                               = 1264582656                                {product} {ergonomic}
   size_t MinHeapDeltaBytes                        = 1048576                                   {product} {ergonomic}
    uintx NonNMethodCodeHeapSize                   = 5836300                                {pd product} {ergonomic}
    uintx NonProfiledCodeHeapSize                  = 122910970                              {pd product} {ergonomic}
    uintx ProfiledCodeHeapSize                     = 122910970                              {pd product} {ergonomic}
    uintx ReservedCodeCacheSize                    = 251658240                              {pd product} {ergonomic}
     bool SegmentedCodeCache                       = true                                      {product} {ergonomic}
     bool UseCompressedClassPointers               = true                                 {lp64_product} {ergonomic}
     bool UseCompressedOops                        = true                                 {lp64_product} {ergonomic}
     bool UseG1GC                                  = true                                      {product} {ergonomic}
     bool UseLargePagesIndividualAllocation        = false                                  {pd product} {ergonomic}

Logging:
Log output configuration:
 #0: stdout all=warning uptime,level,tags
 #1: stderr all=off uptime,level,tags

Environment Variables:
JAVA_HOME=C:\Program Files\Java\jdk-11.0.6
PATH=C:/Program Files/Java/jdk-11.0.6/bin/server;C:/Program Files/Java/jdk-11.0.6/bin;C:\Users\703215299\Downloads\WINDOWS.X64_193000_db_home\bin;C:\app\admin\product\12.1.0\dbhome_2\bin;C:\app\admin\product\12.1.0\dbhome_1\bin;C:\WINDOWS\system32;C:\WINDOWS;C:\WINDOWS\System32\Wbem;C:\WINDOWS\System32\WindowsPowerShell\v1.0\;C:\WINDOWS\System32\OpenSSH\;C:\Program Files\Java\jdk-11.0.6\bin;C:\Program Files\Git\cmd;C:\software2019\apache-maven-3.6.3\bin;C:\Program Files\PuTTY\;C:\Program Files\Amazon\AWSCLIV2\;C:\Users\703215299\AppData\Local\Microsoft\WindowsApps;%USERPROFILE%\AppData\Local\Microsoft\WindowsApps;;C:\Users\703215299\Downloads\sts-4.6.0.RELEASE;
USERNAME=703215299
OS=Windows_NT
PROCESSOR_IDENTIFIER=Intel64 Family 6 Model 142 Stepping 12, GenuineIntel



---------------  S Y S T E M  ---------------

OS: Windows 10 , 64 bit Build 18362 (10.0.18362.900)

CPU:total 8 (initial active 8) (4 cores per cpu, 2 threads per core) family 6 model 142 stepping 12, cmov, cx8, fxsr, mmx, sse, sse2, sse3, ssse3, sse4.1, sse4.2, popcnt, avx, avx2, aes, clmul, erms, 3dnowpref, lzcnt, ht, tsc, tscinvbit, bmi1, bmi2, adx, fma

Memory: 4k page, system-wide physical 8039M (320M free)
TotalPageFile size 32615M (AvailPageFile size 46M)
current process WorkingSet (physical memory assigned to process): 15M, peak: 320M
current process commit charge ("private bytes"): 330M, peak: 410M

vm_info: Java HotSpot(TM) 64-Bit Server VM (11.0.6+8-LTS) for windows-amd64 JRE (11.0.6+8-LTS), built on Dec 11 2019 09:17:57 by "mach5one" with MS VC++ 15.5 (VS2017)

END.
